Jun-14 19:06:10.429 [main] DEBUG nextflow.cli.Launcher - $> nextflow run hello-config.nf -profile my_laptop,test
Jun-14 19:06:10.690 [main] DEBUG nextflow.cli.CmdRun - N E X T F L O W  ~  version 25.04.3
Jun-14 19:06:10.736 [main] DEBUG nextflow.plugin.PluginsFacade - Setting up plugin manager > mode=prod; embedded=false; plugins-dir=/workspaces/.nextflow/plugins; core-plugins: nf-amazon@2.15.0,nf-azure@1.16.0,nf-cloudcache@0.4.3,nf-codecommit@0.2.3,nf-console@1.2.1,nf-google@1.21.0,nf-k8s@1.0.0,nf-tower@1.11.3,nf-wave@1.12.1
Jun-14 19:06:10.794 [main] INFO  o.pf4j.DefaultPluginStatusProvider - Enabled plugins: []
Jun-14 19:06:10.796 [main] INFO  o.pf4j.DefaultPluginStatusProvider - Disabled plugins: []
Jun-14 19:06:10.800 [main] INFO  org.pf4j.DefaultPluginManager - PF4J version 3.12.0 in 'deployment' mode
Jun-14 19:06:10.823 [main] INFO  org.pf4j.AbstractPluginManager - No plugins
Jun-14 19:06:10.855 [main] DEBUG nextflow.config.ConfigBuilder - Found config local: /workspaces/training/hello-nextflow/nextflow.config
Jun-14 19:06:10.859 [main] DEBUG nextflow.config.ConfigBuilder - Parsing config file: /workspaces/training/hello-nextflow/nextflow.config
Jun-14 19:06:10.956 [main] DEBUG n.secret.LocalSecretsProvider - Secrets store: /workspaces/.nextflow/secrets/store.json
Jun-14 19:06:10.961 [main] DEBUG nextflow.secret.SecretsLoader - Discovered secrets providers: [nextflow.secret.LocalSecretsProvider@5972d253] - activable => nextflow.secret.LocalSecretsProvider@5972d253
Jun-14 19:06:10.974 [main] DEBUG nextflow.config.ConfigBuilder - Applying config profile: `my_laptop,test`
Jun-14 19:06:11.843 [main] DEBUG nextflow.config.ConfigBuilder - In the following config snippet the attribute `process.my_laptop` is empty:
  executor='local'
  params {
  	greeting='greetings.csv'
  	batch='test-batch'
  	character='turkey'
  }
  execuotr='slurm'
  resourceLimit=['memory':750 GB, 'cpu':200, 'time':30d]

Jun-14 19:06:11.847 [main] ERROR nextflow.cli.Launcher - Unknown config attribute `process.my_laptop` -- check config file: /workspaces/training/hello-nextflow/nextflow.config
nextflow.exception.ConfigParseException: Unknown config attribute `process.my_laptop` -- check config file: /workspaces/training/hello-nextflow/nextflow.config
	at org.codehaus.groovy.vmplugin.v8.IndyInterface.fromCache(IndyInterface.java:321)
	at nextflow.config.ConfigBuilder.validate(ConfigBuilder.groovy:462)
	at org.codehaus.groovy.vmplugin.v8.IndyInterface.fromCache(IndyInterface.java:321)
	at nextflow.config.ConfigBuilder.validate(ConfigBuilder.groovy:469)
	at nextflow.config.ConfigBuilder.validate(ConfigBuilder.groovy:449)
	at org.codehaus.groovy.vmplugin.v8.IndyInterface.fromCache(IndyInterface.java:321)
	at nextflow.config.ConfigBuilder.merge0(ConfigBuilder.groovy:419)
	at org.codehaus.groovy.vmplugin.v8.IndyInterface.fromCache(IndyInterface.java:321)
	at nextflow.config.ConfigBuilder.buildConfig0(ConfigBuilder.groovy:374)
	at org.codehaus.groovy.vmplugin.v8.IndyInterface.fromCache(IndyInterface.java:321)
	at nextflow.config.ConfigBuilder.buildGivenFiles(ConfigBuilder.groovy:318)
	at org.codehaus.groovy.vmplugin.v8.IndyInterface.fromCache(IndyInterface.java:321)
	at nextflow.config.ConfigBuilder.buildConfigObject(ConfigBuilder.groovy:816)
	at org.codehaus.groovy.vmplugin.v8.IndyInterface.fromCache(IndyInterface.java:321)
	at nextflow.config.ConfigBuilder.build(ConfigBuilder.groovy:829)
	at nextflow.cli.CmdRun.run(CmdRun.groovy:333)
	at nextflow.cli.Launcher.run(Launcher.groovy:513)
	at nextflow.cli.Launcher.main(Launcher.groovy:673)
